<?xml version="1.0" encoding="UTF-8"?>
<testng-results skipped="0" failed="0" ignored="0" total="1" passed="1">
  <reporter-output>
  </reporter-output>
  <suite name="Default suite" duration-ms="678" started-at="2019-07-23T21:47:20Z" finished-at="2019-07-23T21:47:21Z">
    <groups>
    </groups>
    <test name="Default test" duration-ms="678" started-at="2019-07-23T21:47:20Z" finished-at="2019-07-23T21:47:21Z">
      <class name="DataBaseConnect">
        <test-method status="PASS" signature="testDB()[pri:0, instance:DataBaseConnect@3e6fa38a]" name="testDB" duration-ms="647" started-at="2019-07-23T21:47:20Z" finished-at="2019-07-23T21:47:21Z">
          <reporter-output>
          </reporter-output>
        </test-method> <!-- testDB -->
      </class> <!-- DataBaseConnect -->
    </test> <!-- Default test -->
  </suite> <!-- Default suite -->
</testng-results>
